<?xml version="1.0" encoding="utf-8"?><testsuites name="pytest tests"><testsuite name="pytest" errors="0" failures="0" skipped="0" tests="13" time="1.369" timestamp="2026-06-05T12:38:38.991794+00:00" hostname="agent-env-346ad32f-b1ac-4fe7-b45f-935c059cb25c"><testcase classname="backend.tests.test_properties.TestHealth" name="test_root" time="0.220" /><testcase classname="backend.tests.test_properties.TestList" name="test_list_all" time="0.083" /><testcase classname="backend.tests.test_properties.TestList" name="test_list_filter_buy" time="0.055" /><testcase classname="backend.tests.test_properties.TestList" name="test_list_filter_rent" time="0.051" /><testcase classname="backend.tests.test_properties.TestList" name="test_list_filter_status" time="0.055" /><testcase classname="backend.tests.test_properties.TestCreateGetUpdateDelete" name="test_create_and_get" time="0.106" /><testcase classname="backend.tests.test_properties.TestCreateGetUpdateDelete" name="test_get_nonexistent" time="0.054" /><testcase classname="backend.tests.test_properties.TestCreateGetUpdateDelete" name="test_update_status_and_rating" time="0.103" /><testcase classname="backend.tests.test_properties.TestCreateGetUpdateDelete" name="test_update_partial_fields" time="0.135" /><testcase classname="backend.tests.test_properties.TestCreateGetUpdateDelete" name="test_update_nonexistent" time="0.049" /><testcase classname="backend.tests.test_properties.TestCreateGetUpdateDelete" name="test_delete_and_verify_404" time="0.155" /><testcase classname="backend.tests.test_properties.TestCreateGetUpdateDelete" name="test_delete_nonexistent" time="0.055" /><testcase classname="backend.tests.test_properties" name="test_cleanup" time="0.069" /></testsuite></testsuites>